quu..__
 $$$b  `---.__
  "$$b        `--.                          ___.---uuudP
   `$$b           `.__.------.__     __.---'      $$$$"              .
     "$b          -'            `-.-'            $$$"              .'|
       ".                                       d$"             _.'  |
         `.   /                              ..."             .'     |
           `./                           ..::-'            _.'       |
            /                         .:::-'            .-'         .'
           :                          ::''\          _.'            |
          .' .-.             .-.           `.      .'               |
          : /'$$|           .@"$\           `.   .'              _.-'
         .'|$u$$|          |$$,$$|           |  <            _.-'
         | `:$$:'          :$$$$$:           `.  `.       .-'
         :                  `"--'             |    `-.     \
        :##.       ==             .###.       `.      `.    `\
        |##:                      :###:        |        >     >
        |#'     `..'`..'          `###'        x:      /     /
         \                                   xXX|     /    ./
          \                                xXXX'|    /   ./
          /`-.                                  `.  /   /
         :    `-  ...........,                   | /  .'
         |         ``:::::::'       .            |<    `.
         |             ```          |           x| \ `.:``.
         |                         .'    /'   xXX|  `:`M`M':.
         |    |                    ;    /:' xXXX'|  -'MMMMM:'
         `.  .'                   :    /:'       |-'MMMM.-'
          |  |                   .'   /'        .'MMM.-'
          `'`'                   :  ,'          |MMM<
            |                     `'            |tbap\
             \                                  :MM.-'
              \                 |              .''
               \.               `.            /
                /     .:::::::.. :           /
               |     .:::::::::::`.         /
               |   .:::------------\       /
              /   .''               >::'  /
              `',:                 :    .'
                                   `:.:'
pi pi pi pi pi pi pi pi pi pi pika pipi pi pipi pi pi pi pipi pi pi pi pi pi pi pi pipi pi pi pi pi pi pi pi pi pi pi pichu pichu pichu pichu ka chu pipi pipi pipi pi pi pi pi pi pi pi pi pi pi pi pi pi pi pikachu pipi pi pi pi pi pikachu ka ka ka pikachu pichu pichu pi pi pikachu pipi pipi pi pikachu pi pi pi pi pi pi pikachu ka ka ka ka ka ka ka ka ka ka ka pikachu pi pi pi pi pi pi pikachu pichu pichu pikachu pipi pipi pi pi pikachu pi pi pi pi pi pi pi pi pi pi pikachu pichu pichu pikachu pipi ka ka ka ka ka ka ka ka ka ka ka ka pikachu ka ka ka ka ka ka ka pikachu pi pi pikachu pi pi pi pi pi pi pi pi pikachu ka ka ka ka ka ka ka pikachu ka ka ka pikachu pi pi pi pi pi pi pi pi pi pi pi pi pi pi pi pi pi pi pi pi pi pi pi pi pikachu pipi pi pi pi pi pi pi pi pi pikachu ka ka ka ka ka ka ka ka ka pikachu pichu pi pi pi pi pi pi pi pi pi pi pi pi pikachu pipi pi pi pi pi pikachu pichu pikachu pipi ka ka ka ka pikachu pi pikachu pichu pikachu ka ka ka ka ka ka pikachu pipi pi pikachu pichu pi pi pi pi pi pi pi pi pi pikachu ka ka ka pikachu ka ka ka ka ka ka pikachu pipi ka ka ka ka ka ka pikachu pichu pi pi pikachu pipi ka pikachu pichu pi pi pi pi pikachu ka ka ka ka ka ka pikachu pipi pi pi pikachu pichu pi pi pi pi pi pi pi pikachu ka ka ka ka ka ka ka pikachu pipi pi pi pi pi pi pikachu pichu pi pi pi pi pi pi pi pi pi pikachu ka ka ka pikachu ka ka ka ka ka ka pikachu ka ka ka ka ka ka ka ka ka ka ka ka ka ka ka pikachu pipi ka ka ka ka ka pikachu ka ka ka ka pikachu ka ka ka ka ka ka pikachu pi pi pi pi pi pi pi pi pikachu pi pi pikachu ka pikachu pichu pi pi pi pi pi pi pi pi pi pi pi pi pi pi pi pikachu pi pi pikachu pi pikachu pipi pi pikachu pi pi pi pi pi pi pi pikachu pichu pi pi pi pikachu pipi pi pi pi pi pi pi pi pikachu 
